<?xml version="1.0" encoding="UTF-8"?>
<testsuite xmlns:xsi="http://www.w3.org/2001/XMLSchema-instance" xsi:noNamespaceSchemaLocation="https://maven.apache.org/surefire/maven-surefire-plugin/xsd/surefire-test-report.xsd" name="com.maxgfr.AppTest" time="0.034" tests="1" errors="0" skipped="0" failures="0">
  <properties>
    <property name="gopherProxySet" value="false"/>
    <property name="awt.toolkit" value="sun.lwawt.macosx.LWCToolkit"/>
    <property name="java.specification.version" value="11"/>
    <property name="sun.cpu.isalist" value=""/>
    <property name="sun.jnu.encoding" value="UTF-8"/>
    <property name="java.class.path" value="/Users/maxime/Documents/Personnel/git/message_bus/target/test-classes:/Users/maxime/Documents/Personnel/git/message_bus/target/classes:/Users/maxime/.m2/repository/junit/junit/4.11/junit-4.11.jar:/Users/maxime/.m2/repository/org/hamcrest/hamcrest-core/1.3/hamcrest-core-1.3.jar:/Users/maxime/.m2/repository/com/rabbitmq/amqp-client/5.5.3/amqp-client-5.5.3.jar:/Users/maxime/.m2/repository/org/slf4j/slf4j-api/1.7.25/slf4j-api-1.7.25.jar:/Users/maxime/.m2/repository/com/googlecode/json-simple/json-simple/1.1/json-simple-1.1.jar:/Users/maxime/.m2/repository/org/xerial/sqlite-jdbc/3.27.2.1/sqlite-jdbc-3.27.2.1.jar:/Users/maxime/.m2/repository/org/apache/camel/camel-core/2.23.1/camel-core-2.23.1.jar:/Users/maxime/.m2/repository/com/sun/xml/bind/jaxb-core/2.3.0/jaxb-core-2.3.0.jar:/Users/maxime/.m2/repository/com/sun/xml/bind/jaxb-impl/2.3.0/jaxb-impl-2.3.0.jar:/Users/maxime/.m2/repository/org/twitter4j/twitter4j-core/4.0.7/twitter4j-core-4.0.7.jar:/Users/maxime/.m2/repository/io/github/cdimascio/java-dotenv/5.0.1/java-dotenv-5.0.1.jar:/Users/maxime/.m2/repository/org/jetbrains/kotlin/kotlin-stdlib/1.3.21/kotlin-stdlib-1.3.21.jar:/Users/maxime/.m2/repository/org/jetbrains/kotlin/kotlin-stdlib-common/1.3.21/kotlin-stdlib-common-1.3.21.jar:/Users/maxime/.m2/repository/org/jetbrains/annotations/13.0/annotations-13.0.jar:"/>
    <property name="java.vm.vendor" value="Oracle Corporation"/>
    <property name="sun.arch.data.model" value="64"/>
    <property name="java.vendor.url" value="http://java.oracle.com/"/>
    <property name="user.timezone" value=""/>
    <property name="java.vm.specification.version" value="11"/>
    <property name="os.name" value="Mac OS X"/>
    <property name="sun.java.launcher" value="SUN_STANDARD"/>
    <property name="user.country" value="FR"/>
    <property name="sun.boot.library.path" value="/Library/Java/JavaVirtualMachines/jdk-11.0.2.jdk/Contents/Home/lib"/>
    <property name="sun.java.command" value="/Users/maxime/Documents/Personnel/git/message_bus/target/surefire/surefirebooter13366070618191112095.jar /Users/maxime/Documents/Personnel/git/message_bus/target/surefire 2019-04-04T18-58-38_137-jvmRun1 surefire17692422546406028638tmp surefire_010941343057560470017tmp"/>
    <property name="jdk.debug" value="release"/>
    <property name="surefire.test.class.path" value="/Users/maxime/Documents/Personnel/git/message_bus/target/test-classes:/Users/maxime/Documents/Personnel/git/message_bus/target/classes:/Users/maxime/.m2/repository/junit/junit/4.11/junit-4.11.jar:/Users/maxime/.m2/repository/org/hamcrest/hamcrest-core/1.3/hamcrest-core-1.3.jar:/Users/maxime/.m2/repository/com/rabbitmq/amqp-client/5.5.3/amqp-client-5.5.3.jar:/Users/maxime/.m2/repository/org/slf4j/slf4j-api/1.7.25/slf4j-api-1.7.25.jar:/Users/maxime/.m2/repository/com/googlecode/json-simple/json-simple/1.1/json-simple-1.1.jar:/Users/maxime/.m2/repository/org/xerial/sqlite-jdbc/3.27.2.1/sqlite-jdbc-3.27.2.1.jar:/Users/maxime/.m2/repository/org/apache/camel/camel-core/2.23.1/camel-core-2.23.1.jar:/Users/maxime/.m2/repository/com/sun/xml/bind/jaxb-core/2.3.0/jaxb-core-2.3.0.jar:/Users/maxime/.m2/repository/com/sun/xml/bind/jaxb-impl/2.3.0/jaxb-impl-2.3.0.jar:/Users/maxime/.m2/repository/org/twitter4j/twitter4j-core/4.0.7/twitter4j-core-4.0.7.jar:/Users/maxime/.m2/repository/io/github/cdimascio/java-dotenv/5.0.1/java-dotenv-5.0.1.jar:/Users/maxime/.m2/repository/org/jetbrains/kotlin/kotlin-stdlib/1.3.21/kotlin-stdlib-1.3.21.jar:/Users/maxime/.m2/repository/org/jetbrains/kotlin/kotlin-stdlib-common/1.3.21/kotlin-stdlib-common-1.3.21.jar:/Users/maxime/.m2/repository/org/jetbrains/annotations/13.0/annotations-13.0.jar:"/>
    <property name="sun.cpu.endian" value="little"/>
    <property name="user.home" value="/Users/maxime"/>
    <property name="user.language" value="en"/>
    <property name="java.specification.vendor" value="Oracle Corporation"/>
    <property name="java.version.date" value="2019-01-15"/>
    <property name="java.home" value="/Library/Java/JavaVirtualMachines/jdk-11.0.2.jdk/Contents/Home"/>
    <property name="file.separator" value="/"/>
    <property name="basedir" value="/Users/maxime/Documents/Personnel/git/message_bus"/>
    <property name="java.vm.compressedOopsMode" value="Zero based"/>
    <property name="line.separator" value="&#10;"/>
    <property name="java.specification.name" value="Java Platform API Specification"/>
    <property name="java.vm.specification.vendor" value="Oracle Corporation"/>
    <property name="java.awt.graphicsenv" value="sun.awt.CGraphicsEnvironment"/>
    <property name="surefire.real.class.path" value="/Users/maxime/Documents/Personnel/git/message_bus/target/surefire/surefirebooter13366070618191112095.jar"/>
    <property name="sun.management.compiler" value="HotSpot 64-Bit Tiered Compilers"/>
    <property name="java.runtime.version" value="11.0.2+9-LTS"/>
    <property name="user.name" value="maxime"/>
    <property name="path.separator" value=":"/>
    <property name="os.version" value="10.14.3"/>
    <property name="java.runtime.name" value="Java(TM) SE Runtime Environment"/>
    <property name="file.encoding" value="UTF-8"/>
    <property name="java.vm.name" value="Java HotSpot(TM) 64-Bit Server VM"/>
    <property name="java.vendor.version" value="18.9"/>
    <property name="localRepository" value="/Users/maxime/.m2/repository"/>
    <property name="java.vendor.url.bug" value="http://bugreport.java.com/bugreport/"/>
    <property name="java.io.tmpdir" value="/var/folders/by/z42_vmmx3vjc3lt29hz_d3zw0000gn/T/"/>
    <property name="java.version" value="11.0.2"/>
    <property name="user.dir" value="/Users/maxime/Documents/Personnel/git/message_bus"/>
    <property name="os.arch" value="x86_64"/>
    <property name="java.vm.specification.name" value="Java Virtual Machine Specification"/>
    <property name="java.awt.printerjob" value="sun.lwawt.macosx.CPrinterJob"/>
    <property name="sun.os.patch.level" value="unknown"/>
    <property name="java.library.path" value="/Users/maxime/Library/Java/Extensions:/Library/Java/Extensions:/Network/Library/Java/Extensions:/System/Library/Java/Extensions:/usr/lib/java:."/>
    <property name="java.vendor" value="Oracle Corporation"/>
    <property name="java.vm.info" value="mixed mode"/>
    <property name="java.vm.version" value="11.0.2+9-LTS"/>
    <property name="sun.io.unicode.encoding" value="UnicodeBig"/>
    <property name="java.class.version" value="55.0"/>
  </properties>
  <testcase name="shouldAnswerWithTrue" classname="com.maxgfr.AppTest" time="0.002"/>
</testsuite>